<?xml version="1.0" encoding="UTF-8"?>
<testsuite name="com.loveneesh.redis.reactive.cache.RedisReactiveCacheApplicationTests" tests="1" skipped="0" failures="0" errors="0" timestamp="2020-05-06T06:56:17" hostname="loveneesh-mac.local" time="0.003">
  <properties/>
  <testcase name="contextLoads()" classname="com.loveneesh.redis.reactive.cache.RedisReactiveCacheApplicationTests" time="0.003"/>
  <system-out><![CDATA[2020-05-06 12:26:17.372  INFO 75425 --- [    Test worker] .b.t.c.SpringBootTestContextBootstrapper : Neither @ContextConfiguration nor @ContextHierarchy found for test class [com.loveneesh.redis.reactive.cache.RedisReactiveCacheApplicationTests], using SpringBootContextLoader
2020-05-06 12:26:17.373  INFO 75425 --- [    Test worker] o.s.t.c.support.AbstractContextLoader    : Could not detect default resource locations for test class [com.loveneesh.redis.reactive.cache.RedisReactiveCacheApplicationTests]: no resource found for suffixes {-context.xml, Context.groovy}.
2020-05-06 12:26:17.374  INFO 75425 --- [    Test worker] t.c.s.AnnotationConfigContextLoaderUtils : Could not detect default configuration classes for test class [com.loveneesh.redis.reactive.cache.RedisReactiveCacheApplicationTests]: RedisReactiveCacheApplicationTests does not declare any static, non-private, non-final, nested classes annotated with @Configuration.
2020-05-06 12:26:17.376  INFO 75425 --- [    Test worker] .b.t.c.SpringBootTestContextBootstrapper : Found @SpringBootConfiguration com.loveneesh.redis.reactive.cache.RedisReactiveCacheApplication for test class com.loveneesh.redis.reactive.cache.RedisReactiveCacheApplicationTests
2020-05-06 12:26:17.382  INFO 75425 --- [    Test worker] .b.t.c.SpringBootTestContextBootstrapper : Loaded default TestExecutionListener class names from location [META-INF/spring.factories]: [org.springframework.boot.test.autoconfigure.restdocs.RestDocsTestExecutionListener, org.springframework.boot.test.autoconfigure.web.client.MockRestServiceServerResetTestExecutionListener, org.springframework.boot.test.autoconfigure.web.servlet.MockMvcPrintOnlyOnFailureTestExecutionListener, org.springframework.boot.test.autoconfigure.web.servlet.WebDriverTestExecutionListener, org.springframework.boot.test.mock.mockito.MockitoTestExecutionListener, org.springframework.boot.test.mock.mockito.ResetMocksTestExecutionListener, org.springframework.test.context.web.ServletTestExecutionListener, org.springframework.test.context.support.DirtiesContextBeforeModesTestExecutionListener, org.springframework.test.context.support.DependencyInjectionTestExecutionListener, org.springframework.test.context.support.DirtiesContextTestExecutionListener, org.springframework.test.context.transaction.TransactionalTestExecutionListener, org.springframework.test.context.jdbc.SqlScriptsTestExecutionListener, org.springframework.test.context.event.EventPublishingTestExecutionListener]
2020-05-06 12:26:17.383  INFO 75425 --- [    Test worker] .b.t.c.SpringBootTestContextBootstrapper : Using TestExecutionListeners: [org.springframework.test.context.support.DirtiesContextBeforeModesTestExecutionListener@487e85d2, org.springframework.boot.test.mock.mockito.MockitoTestExecutionListener@60b96980, org.springframework.boot.test.autoconfigure.SpringBootDependencyInjectionTestExecutionListener@789207c7, org.springframework.test.context.support.DirtiesContextTestExecutionListener@b93b3d2, org.springframework.test.context.transaction.TransactionalTestExecutionListener@37ffe767, org.springframework.test.context.jdbc.SqlScriptsTestExecutionListener@1ca16d71, org.springframework.test.context.event.EventPublishingTestExecutionListener@7465fd1d, org.springframework.boot.test.autoconfigure.restdocs.RestDocsTestExecutionListener@627edd60, org.springframework.boot.test.autoconfigure.web.client.MockRestServiceServerResetTestExecutionListener@2af2ca97, org.springframework.boot.test.autoconfigure.web.servlet.MockMvcPrintOnlyOnFailureTestExecutionListener@3d2fe05d, org.springframework.boot.test.autoconfigure.web.servlet.WebDriverTestExecutionListener@66f97ff0, org.springframework.boot.test.mock.mockito.ResetMocksTestExecutionListener@72f83b92]

  .   ____          _            __ _ _
 /\\ / ___'_ __ _ _(_)_ __  __ _ \ \ \ \
( ( )\___ | '_ | '_| | '_ \/ _` | \ \ \ \
 \\/  ___)| |_)| | | | | || (_| |  ) ) ) )
  '  |____| .__|_| |_|_| |_\__, | / / / /
 =========|_|==============|___/=/_/_/_/
 :: Spring Boot ::        (v2.2.6.RELEASE)

2020-05-06 12:26:17.405  INFO 75425 --- [    Test worker] r.r.c.RedisReactiveCacheApplicationTests : Starting RedisReactiveCacheApplicationTests on loveneesh-mac.local with PID 75425 (started by loveneeshsingh in /Users/loveneeshsingh/Documents/axisnetwork/tmp/redis-reactive-cache)
2020-05-06 12:26:17.406  INFO 75425 --- [    Test worker] r.r.c.RedisReactiveCacheApplicationTests : No active profile set, falling back to default profiles: default
2020-05-06 12:26:17.567  INFO 75425 --- [    Test worker] .s.d.r.c.RepositoryConfigurationDelegate : Multiple Spring Data modules found, entering strict repository configuration mode!
2020-05-06 12:26:17.568  INFO 75425 --- [    Test worker] .s.d.r.c.RepositoryConfigurationDelegate : Bootstrapping Spring Data Redis repositories in DEFAULT mode.
2020-05-06 12:26:17.570  INFO 75425 --- [    Test worker] .s.d.r.c.RepositoryConfigurationDelegate : Finished Spring Data repository scanning in 2ms. Found 0 Redis repository interfaces.
2020-05-06 12:26:17.994  INFO 75425 --- [    Test worker] r.r.c.RedisReactiveCacheApplicationTests : Started RedisReactiveCacheApplicationTests in 0.608 seconds (JVM running for 5.586)
]]></system-out>
  <system-err><![CDATA[]]></system-err>
</testsuite>
